<?xml version="1.0" encoding="UTF-8"?>
<!-- Generated by org.testng.reporters.JUnitReportReporter -->
<testsuite hostname="YPTRNG22DT" name="runner.Runner2" tests="1" failures="0" timestamp="15 Dec 2018 10:21:05 GMT" time="37.368" errors="0">
  <testcase name="feature" time="37.368" classname="runner.Runner2"/>
</testsuite> <!-- runner.Runner2 -->
