<?xml version="1.0" encoding="UTF-8"?>
<!-- Generated by org.testng.reporters.JUnitReportReporter -->
<testsuite hostname="YPTRNG22DT" name="runner.Runner" tests="1" failures="0" timestamp="15 Dec 2018 10:21:05 GMT" time="25.041" errors="0">
  <testcase name="feature" time="25.041" classname="runner.Runner"/>
</testsuite> <!-- runner.Runner -->
