<?xml version="1.0" encoding="UTF-8"?>
<!-- Generated by org.testng.reporters.JUnitReportReporter -->
<testsuite hostname="YPTRNG22DT" name="runner.Runner2" tests="1" failures="0" timestamp="16 Dec 2018 05:52:09 GMT" time="70.224" errors="0">
  <testcase name="feature" time="70.224" classname="runner.Runner2"/>
</testsuite> <!-- runner.Runner2 -->
